<?xml version="1.0" encoding="UTF-8"?>
<testng-results ignored="0" total="1" passed="1" failed="0" skipped="0">
  <reporter-output>
  </reporter-output>
  <suite started-at="2024-01-17T17:32:52 IST" name="Default suite" finished-at="2024-01-17T17:33:33 IST" duration-ms="40446">
    <groups>
    </groups>
    <test started-at="2024-01-17T17:32:52 IST" name="Default test" finished-at="2024-01-17T17:33:33 IST" duration-ms="40446">
      <class name="opportunity.verifyOpportunityCreation">
        <test-method is-config="true" signature="setUp()[pri:0, instance:opportunity.verifyOpportunityCreation@661972b0]" started-at="2024-01-17T17:32:52 IST" name="setUp" finished-at="2024-01-17T17:32:58 IST" duration-ms="5714" status="PASS">
          <reporter-output>
          </reporter-output>
        </test-method> <!-- setUp -->
        <test-method signature="testVerifyOpportunityCreation()[pri:0, instance:opportunity.verifyOpportunityCreation@661972b0]" started-at="2024-01-17T17:32:58 IST" name="testVerifyOpportunityCreation" finished-at="2024-01-17T17:33:32 IST" duration-ms="34177" status="PASS">
          <reporter-output>
          </reporter-output>
        </test-method> <!-- testVerifyOpportunityCreation -->
        <test-method is-config="true" signature="closeBrowser()[pri:0, instance:opportunity.verifyOpportunityCreation@661972b0]" started-at="2024-01-17T17:33:32 IST" name="closeBrowser" finished-at="2024-01-17T17:33:33 IST" duration-ms="484" status="PASS">
          <reporter-output>
          </reporter-output>
        </test-method> <!-- closeBrowser -->
      </class> <!-- opportunity.verifyOpportunityCreation -->
    </test> <!-- Default test -->
  </suite> <!-- Default suite -->
</testng-results>
