<?xml version="1.0" encoding="UTF-8"?>
<testng-results ignored="0" total="1" passed="1" failed="0" skipped="0">
  <reporter-output>
  </reporter-output>
  <suite started-at="2024-01-25T12:07:36 IST" name="Default suite" finished-at="2024-01-25T12:08:13 IST" duration-ms="37343">
    <groups>
    </groups>
    <test started-at="2024-01-25T12:07:36 IST" name="Default test" finished-at="2024-01-25T12:08:13 IST" duration-ms="37343">
      <class name="opportunity.verifyOpportunityCreation">
        <test-method is-config="true" signature="setUp()[pri:0, instance:opportunity.verifyOpportunityCreation@661972b0]" started-at="2024-01-25T12:07:36 IST" name="setUp" finished-at="2024-01-25T12:07:40 IST" duration-ms="4532" status="PASS">
          <reporter-output>
          </reporter-output>
        </test-method> <!-- setUp -->
        <test-method signature="testVerifyOpportunityCreation()[pri:0, instance:opportunity.verifyOpportunityCreation@661972b0]" started-at="2024-01-25T12:07:41 IST" name="testVerifyOpportunityCreation" finished-at="2024-01-25T12:08:13 IST" duration-ms="32537" status="PASS">
          <reporter-output>
          </reporter-output>
        </test-method> <!-- testVerifyOpportunityCreation -->
        <test-method is-config="true" signature="closeBrowser()[pri:0, instance:opportunity.verifyOpportunityCreation@661972b0]" started-at="2024-01-25T12:08:13 IST" name="closeBrowser" finished-at="2024-01-25T12:08:13 IST" duration-ms="241" status="PASS">
          <reporter-output>
          </reporter-output>
        </test-method> <!-- closeBrowser -->
      </class> <!-- opportunity.verifyOpportunityCreation -->
    </test> <!-- Default test -->
  </suite> <!-- Default suite -->
</testng-results>
